-------------------------------------------------------------------------------
Test set: com.example.hockeystats.DataRepositoryTest
-------------------------------------------------------------------------------
Tests run: 28, Failures: 1, Errors: 0, Skipped: 0, Time elapsed: 0.050 s <<< FAILURE! -- in com.example.hockeystats.DataRepositoryTest
com.example.hockeystats.DataRepositoryTest.getAllPlayers_returns86Players -- Time elapsed: 0.003 s <<< FAILURE!
org.opentest4j.AssertionFailedError: expected: <86> but was: <87>
	at org.junit.jupiter.api.AssertionFailureBuilder.build(AssertionFailureBuilder.java:151)
	at org.junit.jupiter.api.AssertionFailureBuilder.buildAndThrow(AssertionFailureBuilder.java:132)
	at org.junit.jupiter.api.AssertEquals.failNotEqual(AssertEquals.java:197)
	at org.junit.jupiter.api.AssertEquals.assertEquals(AssertEquals.java:150)
	at org.junit.jupiter.api.AssertEquals.assertEquals(AssertEquals.java:145)
	at org.junit.jupiter.api.Assertions.assertEquals(Assertions.java:531)
	at com.example.hockeystats.DataRepositoryTest.getAllPlayers_returns86Players(DataRepositoryTest.java:24)
	at java.base/java.lang.reflect.Method.invoke(Method.java:565)
	at java.base/java.util.ArrayList.forEach(ArrayList.java:1604)
	at java.base/java.util.ArrayList.forEach(ArrayList.java:1604)

