<?xml version="1.0" encoding="UTF-8"?>
<testsuite xmlns:xsi="http://www.w3.org/2001/XMLSchema-instance" xsi:noNamespaceSchemaLocation="https://maven.apache.org/surefire/maven-surefire-plugin/xsd/surefire-test-report-3.0.xsd" version="3.0" name="com.example.hockeystats.DataRepositoryTest" time="0.048" tests="28" errors="0" skipped="0" failures="0">
  <properties>
[...]
</properties>
  <testcase name="getTopScorers_sortedByPoints" classname="com.example.hockeystats.DataRepositoryTest" time="0.012"/>
  <testcase name="getTopScorers_returnsCorrectCount" classname="com.example.hockeystats.DataRepositoryTest" time="0.002"/>
  <testcase name="getGoalsByCountry_noNegativeValues" classname="com.example.hockeystats.DataRepositoryTest" time="0.003"/>
  <testcase name="getPlayerByName_nullReturnsNull" classname="com.example.hockeystats.DataRepositoryTest" time="0.001"/>
  <testcase name="getMetricForPlayer_goals" classname="com.example.hockeystats.DataRepositoryTest" time="0.001"/>
  <testcase name="getPlayerByName_exactMatch" classname="com.example.hockeystats.DataRepositoryTest" time="0.0"/>
  <testcase name="getMetricForCountry_unknownCountryReturnsZero" classname="com.example.hockeystats.DataRepositoryTest" time="0.002"/>
  <testcase name="getPlayersByPosition_forwardNotEmpty" classname="com.example.hockeystats.DataRepositoryTest" time="0.001"/>
  <testcase name="getPointsByCountry_canadaMoreThanChina" classname="com.example.hockeystats.DataRepositoryTest" time="0.001"/>
  <testcase name="getAvailableCountries_isSorted" classname="com.example.hockeystats.DataRepositoryTest" time="0.001"/>
  <testcase name="getGoalsByCountry_containsExpectedCountries" classname="com.example.hockeystats.DataRepositoryTest" time="0.0"/>
  <testcase name="getPlayersByCountry_caseInsensitive" classname="com.example.hockeystats.DataRepositoryTest" time="0.0"/>
  <testcase name="getPlayerByName_caseInsensitive" classname="com.example.hockeystats.DataRepositoryTest" time="0.0"/>
  <testcase name="getAllPlayers_returns86Players" classname="com.example.hockeystats.DataRepositoryTest" time="0.001"/>
  <testcase name="getMetricForPlayer_unknownMetricReturnsZero" classname="com.example.hockeystats.DataRepositoryTest" time="0.001">
    <system-err><![CDATA[DataRepository: unknown metric 'XYZ'
]]></system-err>
  </testcase>
  <testcase name="getPlayersByCountry_nullReturnsEmpty" classname="com.example.hockeystats.DataRepositoryTest" time="0.001"/>
  <testcase name="getTopScorers_zeroReturnsEmpty" classname="com.example.hockeystats.DataRepositoryTest" time="0.001"/>
  <testcase name="getMetricForPlayer_points" classname="com.example.hockeystats.DataRepositoryTest" time="0.0"/>
  <testcase name="getPlayerByName_unknownReturnsNull" classname="com.example.hockeystats.DataRepositoryTest" time="0.0"/>
  <testcase name="getPlayersByPosition_nullReturnsEmpty" classname="com.example.hockeystats.DataRepositoryTest" time="0.001"/>
  <testcase name="getMetricForCountry_canadaGoalsPositive" classname="com.example.hockeystats.DataRepositoryTest" time="0.0"/>
  <testcase name="getPlayersByCountry_unknownReturnsEmpty" classname="com.example.hockeystats.DataRepositoryTest" time="0.0"/>
  <testcase name="getAvailableCountries_returnsFour" classname="com.example.hockeystats.DataRepositoryTest" time="0.001"/>
  <testcase name="getPlayersByPosition_defenceNotEmpty" classname="com.example.hockeystats.DataRepositoryTest" time="0.001"/>
  <testcase name="getMetricForPlayer_unknownPlayerReturnsZero" classname="com.example.hockeystats.DataRepositoryTest" time="0.0"/>
  <testcase name="getPlayersByCountry_canadaNotEmpty" classname="com.example.hockeystats.DataRepositoryTest" time="0.001"/>
  <testcase name="getTopScorersByCountry_allFromCorrectCountry" classname="com.example.hockeystats.DataRepositoryTest" time="0.001"/>
  <testcase name="getTopScorersByCountry_correctCount" classname="com.example.hockeystats.DataRepositoryTest" time="0.001"/>
</testsuite>